app/build/outputs/mapping/release/mapping.txt
com.cn7782.management.BuildConfig -> com.cn7782.management.BuildConfig:
    boolean DEBUG -> DEBUG
    java.lang.String APPLICATION_ID -> APPLICATION_ID
    java.lang.String BUILD_TYPE -> BUILD_TYPE
    java.lang.String FLAVOR -> FLAVOR
    int VERSION_CODE -> VERSION_CODE
    java.lang.String VERSION_NAME -> VERSION_NAME
com.cn7782.management.Manifest -> com.cn7782.management.Manifest:
com.cn7782.management.Manifest$permission -> com.cn7782.management.Manifest$permission:
    java.lang.String JPUSH_MESSAGE -> JPUSH_MESSAGE
com.cn7782.management.R -> com.cn7782.management.R:
com.cn7782.management.R$anim -> com.cn7782.management.R$anim:
    int abc_fade_in -> abc_fade_in
    int abc_fade_out -> abc_fade_out
    int abc_grow_fade_in_from_bottom -> abc_grow_fade_in_from_bottom
    int abc_popup_enter -> abc_popup_enter
    int abc_popup_exit -> abc_popup_exit
    int abc_shrink_fade_out_from_bottom -> abc_shrink_fade_out_from_bottom
    int abc_slide_in_bottom -> abc_slide_in_bottom
    int abc_slide_in_top -> abc_slide_in_top
    int abc_slide_out_bottom -> abc_slide_out_bottom
    int abc_slide_out_top -> abc_slide_out_top
    int alpha_in -> alpha_in
    int alpha_out -> alpha_out
    int fade_in -> fade_in
    int fade_out -> fade_out
    int head_in -> head_in
    int head_out -> head_out
    int hold -> hold
    int move_left_in_activity -> move_left_in_activity
    int move_left_out_activity -> move_left_out_activity
    int move_right_in_activity -> move_right_in_activity
    int move_right_out_activity -> move_right_out_activity
    int push_bottom_in -> push_bottom_in
    int push_bottom_out -> push_bottom_out
    int push_top_in -> push_top_in
    int push_top_in2 -> push_top_in2
    int push_top_out -> push_top_out
    int push_top_out2 -> push_top_out2
    int slide_alpha_in_right -> slide_alpha_in_right
    int slide_alpha_out_left -> slide_alpha_out_left
    int slide_bottom_to_up -> slide_bottom_to_up
    int slide_in_from_left -> slide_in_from_left
    int slide_in_from_right -> slide_in_from_right
com.cn7782.management.R$attr -> com.cn7782.management.R$attr:
    int actionBarDivider -> actionBarDivider
    int actionBarItemBackground -> actionBarItemBackground
    int actionBarPopupTheme -> actionBarPopupTheme
    int actionBarSize -> actionBarSize
    int actionBarSplitStyle -> actionBarSplitStyle
    int actionBarStyle -> actionBarStyle
    int actionBarTabBarStyle -> actionBarTabBarStyle
    int actionBarTabStyle -> actionBarTabStyle
    int actionBarTabTextStyle -> actionBarTabTextStyle
    int actionBarTheme -> actionBarTheme
    int actionBarWidgetTheme -> actionBarWidgetTheme
    int actionButtonStyle -> actionButtonStyle
    int actionDropDownStyle -> actionDropDownStyle
    int actionLayout -> actionLayout
    int actionMenuTextAppearance -> actionMenuTextAppearance
    int actionMenuTextColor -> actionMenuTextColor
    int actionModeBackground -> actionModeBackground
    int actionModeCloseButtonStyle -> actionModeCloseButtonStyle
    int actionModeCloseDrawable -> actionModeCloseDrawable
    int actionModeCopyDrawable -> actionModeCopyDrawable
    int actionModeCutDrawable -> actionModeCutDrawable
    int actionModeFindDrawable -> actionModeFindDrawable
    int actionModePasteDrawable -> actionModePasteDrawable
    int actionModePopupWindowStyle -> actionModePopupWindowStyle
    int actionModeSelectAllDrawable -> actionModeSelectAllDrawable
    int actionModeShareDrawable -> actionModeShareDrawable
...
net.java.sip.communicator.impl.protocol.jabber.extensions.jingle.CandidateType -> net.java.sip.communicator.impl.protocol.jabber.extensions.jingle.CandidateType:
    net.java.sip.communicator.impl.protocol.jabber.extensions.jingle.CandidateType host -> host
    net.java.sip.communicator.impl.protocol.jabber.extensions.jingle.CandidateType prflx -> prflx
    net.java.sip.communicator.impl.protocol.jabber.extensions.jingle.CandidateType relay -> relay
    net.java.sip.communicator.impl.protocol.jabber.extensions.jingle.CandidateType srflx -> srflx
    net.java.sip.communicator.impl.protocol.jabber.extensions.jingle.CandidateType stun -> stun
    net.java.sip.communicator.impl.protocol.jabber.extensions.jingle.CandidateType local -> local
    net.java.sip.communicator.impl.protocol.jabber.extensions.jingle.CandidateType[] ENUM$VALUES -> ENUM$VALUES
    net.java.sip.communicator.impl.protocol.jabber.extensions.jingle.CandidateType[] values() -> values
    net.java.sip.communicator.impl.protocol.jabber.extensions.jingle.CandidateType valueOf(java.lang.String) -> valueOf
net.java.sip.communicator.impl.protocol.jabber.extensions.jingle.CoinPacketExtension -> net.java.sip.communicator.impl.protocol.jabber.extensions.jingle.CoinPacketExtension:
    java.lang.String ELEMENT_NAME -> ELEMENT_NAME
    java.lang.String NAMESPACE -> NAMESPACE
    java.lang.String ISFOCUS_ATTR_NAME -> ISFOCUS_ATTR_NAME
net.java.sip.communicator.impl.protocol.jabber.extensions.jingle.ContentPacketExtension -> net.java.sip.communicator.impl.protocol.jabber.extensions.jingle.ContentPacketExtension:
    java.lang.String ELEMENT_NAME -> ELEMENT_NAME
    java.lang.String CREATOR_ATTR_NAME -> CREATOR_ATTR_NAME
    java.lang.String DISPOSITION_ATTR_NAME -> DISPOSITION_ATTR_NAME
    java.lang.String NAME_ATTR_NAME -> NAME_ATTR_NAME
    java.lang.String SENDERS_ATTR_NAME -> SENDERS_ATTR_NAME
    net.java.sip.communicator.impl.protocol.jabber.extensions.jingle.ContentPacketExtension$CreatorEnum getCreator() -> getCreator
    void setCreator(net.java.sip.communicator.impl.protocol.jabber.extensions.jingle.ContentPacketExtension$CreatorEnum) -> setCreator
    java.lang.String getDisposition() -> getDisposition
    void setDisposition(java.lang.String) -> setDisposition
    java.lang.String getName() -> getName
    void setName(java.lang.String) -> setName
    net.java.sip.communicator.impl.protocol.jabber.extensions.jingle.ContentPacketExtension$SendersEnum getSenders() -> getSenders
    void setSenders(net.java.sip.communicator.impl.protocol.jabber.extensions.jingle.ContentPacketExtension$SendersEnum) -> setSenders
net.java.sip.communicator.impl.protocol.jabber.extensions.jingle.ContentPacketExtension$CreatorEnum -> net.java.sip.communicator.impl.protocol.jabber.extensions.jingle.ContentPacketExtension$CreatorEnum:
    net.java.sip.communicator.impl.protocol.jabber.extensions.jingle.ContentPacketExtension$CreatorEnum initiator -> initiator
    net.java.sip.communicator.impl.protocol.jabber.extensions.jingle.ContentPacketExtension$CreatorEnum responder -> responder
    net.java.sip.communicator.impl.protocol.jabber.extensions.jingle.ContentPacketExtension$CreatorEnum[] ENUM$VALUES -> ENUM$VALUES
    net.java.sip.communicator.impl.protocol.jabber.extensions.jingle.ContentPacketExtension$CreatorEnum[] values() -> values
    net.java.sip.communicator.impl.protocol.jabber.extensions.jingle.ContentPacketExtension$CreatorEnum valueOf(java.lang.String) -> valueOf