app/build/outputs/mapping/release/usage.txt
com.cn7782.management.Manifest:
    10:11:public Manifest()
com.cn7782.management.R:
    10:4083:public R()
com.cn7782.management.android.DemoHelper:
    protected static final java.lang.String TAG
    private java.lang.String username
    private com.easemob.EMConnectionListener connectionListener
    private android.support.v4.content.LocalBroadcastManager broadcastManager
    private boolean isGroupAndContactListenerRegisted
    110:128:protected void setGlobalListeners()
    134:138:protected void onConnectionConflict()
    144:148:protected void onCurrentAccountRemoved()
    184:262:protected void registerEventListener()
    270:270:public boolean isLoggedIn()
    282:307:public void logout(boolean,com.easemob.EMCallBack)
    314:314:public com.easemob.easeui.model.EaseNotifier getNotifier()
    319:321:synchronized void reset()
    34:34:static synthetic com.easemob.easeui.controller.EaseUI access$100(com.cn7782.management.android.DemoHelper)
    34:34:static synthetic android.content.Context access$200(com.cn7782.management.android.DemoHelper)
com.cn7782.management.android.DemoHelper$2
com.cn7782.management.android.DemoHelper$3
com.cn7782.management.android.DemoHelper$3$1
com.cn7782.management.android.DemoHelper$4
com.cn7782.management.android.DemoHelper$5
com.cn7782.management.android.activity.ContactManagerActivity:
    146:178:private void queryEmployeeList(java.lang.Integer)
com.cn7782.management.android.activity.DynamicDetailActivity:
    133:165:private void getReadData()
com.cn7782.management.android.activity.DynamicDetailActivity$3
com.cn7782.management.android.activity.EventReportActivity:
    private android.widget.LinearLayout mAddPhotoLayout
    private java.lang.String PhotoPath
    private static final int POLL_INTERVAL
    private static final int TAKE_PICTURE
com.cn7782.management.android.activity.EventReportActivity$GridAdapter:
    private boolean shape
    807:807:public boolean isShape()
    811:812:public void setShape(boolean)
    835:836:public void setSelectedPosition(int)
    839:839:public int getSelectedPosition()
com.cn7782.management.android.activity.EventReportActivity2:
    private android.widget.LinearLayout mAddPhotoLayout
    private java.lang.String PhotoPath
    private static final int POLL_INTERVAL
    private static final int TAKE_PICTURE
com.cn7782.management.android.activity.EventReportActivity2$GridAdapter:
    private boolean shape
    834:834:public boolean isShape()
    838:839:public void setShape(boolean)
    862:863:public void setSelectedPosition(int)
    866:866:public int getSelectedPosition()
com.cn7782.management.android.activity.FallDownWarnActivity:
    private static final java.lang.String TAG
com.cn7782.management.android.activity.ImageGridActivity:
    private static final java.lang.String TAG
com.cn7782.management.android.activity.MainActivity:
    private static final java.lang.String TAG
    456:459:private void setUpBaseView(java.lang.String)
com.cn7782.management.android.activity.MyReportDetailActivity:
    249:265:private boolean Getsuffix(java.lang.String)
com.cn7782.management.android.activity.RecorderVideoActivity:
    private static final java.lang.String TAG
    private static final java.lang.String CLASS_LABEL
    544:555:public void saveBitmapFile(android.graphics.Bitmap)
com.cn7782.management.android.activity.ScheduleDetailActivity:
    private android.view.View noticeView
    private com.cn7782.management.android.db.DBHelper dp
com.cn7782.management.android.activity.TakeVideoActivity$OnShootCompletionListener
com.cn7782.management.android.activity.TrajectoryActivity:
    private com.baidu.mapapi.map.Marker mMarkerA
    private java.util.List mlist
    private android.widget.Spinner titlemenu
    private com.cn7782.management.android.activity.adapter.SpinnerItem spinnerItem
com.cn7782.management.android.activity.adapter.ChartingAdapter:
    333:343:private java.util.ArrayList Transformation()
...
javax.sdp.SdpParseException:
    private int lineNumber
    private int charOffset
    public SdpParseException(int,int,java.lang.String,java.lang.Throwable)
    public SdpParseException(int,int,java.lang.String)
    public int getLineNumber()
    public int getCharOffset()
javax.sdp.SessionDescription
javax.sdp.SessionName
javax.sdp.Time:
    public abstract java.util.Date getStart()
    public abstract void setStart(java.util.Date)
    public abstract java.util.Date getStop()
    public abstract void setStop(java.util.Date)
    public abstract boolean isZero()
    public abstract void setZero()
    public abstract boolean getTypedTime()
    public abstract void setTypedTime(boolean)
javax.sdp.TimeZoneAdjustment
javax.sdp.URI
javax.sdp.Version
u.aly.a:
    81:82:public void a(u.aly.ba)
u.aly.aa:
    private static final java.lang.String h
    private static final java.lang.String i
    private static final java.lang.String j
    private static final java.lang.String k
    private static final java.lang.String l
    private static final java.lang.String m
u.aly.ac:
    private static final java.lang.String a
    private static final java.lang.String b
    22:23:public ac()
u.aly.ad:
    private static final java.lang.String a
u.aly.ae:
    private static final long e
u.aly.ai:
    19:21:public ai(org.json.JSONArray)
u.aly.ak:
    210:210:public int c()
    214:214:public int d()
u.aly.al:
    private static final int a
    private static final int b
    private static final int c
    private static final int d
    private static final long e
    private static final long f
    private static final long g
    98:98:public long b()
u.aly.am:
    80:80:public long c()
u.aly.ao:
    private static final int f
    199:203:private void a(java.io.ObjectOutputStream)
    208:213:private void a(java.io.ObjectInputStream)
u.aly.ap:
    250:254:private void a(java.io.ObjectOutputStream)
    258:262:private void a(java.io.ObjectInputStream)
u.aly.aq:
    private static final int x
    private static final int y
    626:630:private void a(java.io.ObjectOutputStream)
    635:640:private void a(java.io.ObjectInputStream)
u.aly.ar:
    private static final int j
    private static final int k
    private static final int l
    286:290:private void a(java.io.ObjectOutputStream)
    295:300:private void a(java.io.ObjectInputStream)
u.aly.as:
    198:202:private void a(java.io.ObjectOutputStream)
    206:210:private void a(java.io.ObjectInputStream)
u.aly.at:
    private static final int L
    private static final int M
    private static final int N
    906:910:private void a(java.io.ObjectOutputStream)
    915:920:private void a(java.io.ObjectInputStream)
u.aly.au:
    private static final int n
    private static final int o
    private static final int p
    403:407:private void a(java.io.ObjectOutputStream)
    412:417:private void a(java.io.ObjectInputStream)
u.aly.av:
    private static final int j
    309:313:private void a(java.io.ObjectOutputStream)
    318:323:private void a(java.io.ObjectInputStream)
u.aly.ax:
    private static final int n
    private static final int o
    private static final int p
    401:405:private void a(java.io.ObjectOutputStream)
    410:415:private void a(java.io.ObjectInputStream)
u.aly.az:
    private static final int l
    341:345:private void a(java.io.ObjectOutputStream)
    350:355:private void a(java.io.ObjectInputStream)
u.aly.b:
    private static final java.lang.String a
u.aly.ba:
    private static final int j
    private static final int k
    289:293:private void a(java.io.ObjectOutputStream)
    298:303:private void a(java.io.ObjectInputStream)
u.aly.bb:
    339:343:private void a(java.io.ObjectOutputStream)
    347:351:private void a(java.io.ObjectInputStream)
u.aly.bc:
    private static final int j
    320:324:private void a(java.io.ObjectOutputStream)
    329:334:private void a(java.io.ObjectInputStream)